26-May-2019 07:53:21.340 INFO [main] org.apache.catalina.startup.VersionLoggerListener.log Server version name:   Apache Tomcat/9.0.20
26-May-2019 07:53:21.346 INFO [main] org.apache.catalina.startup.VersionLoggerListener.log Server built:          May 3 2019 22:26:00 UTC
26-May-2019 07:53:21.347 INFO [main] org.apache.catalina.startup.VersionLoggerListener.log Server version number: 9.0.20.0
26-May-2019 07:53:21.347 INFO [main] org.apache.catalina.startup.VersionLoggerListener.log OS Name:               Linux
26-May-2019 07:53:21.347 INFO [main] org.apache.catalina.startup.VersionLoggerListener.log OS Version:            4.15.0-50-generic
26-May-2019 07:53:21.347 INFO [main] org.apache.catalina.startup.VersionLoggerListener.log Architecture:          amd64
26-May-2019 07:53:21.348 INFO [main] org.apache.catalina.startup.VersionLoggerListener.log Java Home:             /usr/lib/jvm/java-11-openjdk-amd64
26-May-2019 07:53:21.348 INFO [main] org.apache.catalina.startup.VersionLoggerListener.log JVM Version:           11.0.3+7-Ubuntu-1ubuntu218.04.1
26-May-2019 07:53:21.348 INFO [main] org.apache.catalina.startup.VersionLoggerListener.log JVM Vendor:            Oracle Corporation
26-May-2019 07:53:21.348 INFO [main] org.apache.catalina.startup.VersionLoggerListener.log CATALINA_BASE:         /home/madhav/.local/tomcat/apache-tomcat9
26-May-2019 07:53:21.348 INFO [main] org.apache.catalina.startup.VersionLoggerListener.log CATALINA_HOME:         /home/madhav/.local/tomcat/apache-tomcat9
26-May-2019 07:53:21.375 INFO [main] org.apache.catalina.startup.VersionLoggerListener.log Command line argument: --add-opens=java.base/java.lang=ALL-UNNAMED
26-May-2019 07:53:21.375 INFO [main] org.apache.catalina.startup.VersionLoggerListener.log Command line argument: --add-opens=java.base/java.io=ALL-UNNAMED
26-May-2019 07:53:21.375 INFO [main] org.apache.catalina.startup.VersionLoggerListener.log Command line argument: --add-opens=java.rmi/sun.rmi.transport=ALL-UNNAMED
26-May-2019 07:53:21.377 INFO [main] org.apache.catalina.startup.VersionLoggerListener.log Command line argument: -Djava.util.logging.config.file=/home/madhav/.local/tomcat/apache-tomcat9/conf/logging.properties
26-May-2019 07:53:21.377 INFO [main] org.apache.catalina.startup.VersionLoggerListener.log Command line argument: -Djava.util.logging.manager=org.apache.juli.ClassLoaderLogManager
26-May-2019 07:53:21.377 INFO [main] org.apache.catalina.startup.VersionLoggerListener.log Command line argument: -Djdk.tls.ephemeralDHKeySize=2048
26-May-2019 07:53:21.377 INFO [main] org.apache.catalina.startup.VersionLoggerListener.log Command line argument: -Djava.protocol.handler.pkgs=org.apache.catalina.webresources
26-May-2019 07:53:21.377 INFO [main] org.apache.catalina.startup.VersionLoggerListener.log Command line argument: -Dorg.apache.catalina.security.SecurityListener.UMASK=0027
26-May-2019 07:53:21.377 INFO [main] org.apache.catalina.startup.VersionLoggerListener.log Command line argument: -Dignore.endorsed.dirs=
26-May-2019 07:53:21.378 INFO [main] org.apache.catalina.startup.VersionLoggerListener.log Command line argument: -Dcatalina.base=/home/madhav/.local/tomcat/apache-tomcat9
26-May-2019 07:53:21.378 INFO [main] org.apache.catalina.startup.VersionLoggerListener.log Command line argument: -Dcatalina.home=/home/madhav/.local/tomcat/apache-tomcat9
26-May-2019 07:53:21.378 INFO [main] org.apache.catalina.startup.VersionLoggerListener.log Command line argument: -Djava.io.tmpdir=/home/madhav/.local/tomcat/apache-tomcat9/temp
26-May-2019 07:53:21.378 INFO [main] org.apache.catalina.core.AprLifecycleListener.lifecycleEvent The APR based Apache Tomcat Native library which allows optimal performance in production environments was not found on the java.library.path: [/usr/java/packages/lib:/usr/lib/x86_64-linux-gnu/jni:/lib/x86_64-linux-gnu:/usr/lib/x86_64-linux-gnu:/usr/lib/jni:/lib:/usr/lib]
26-May-2019 07:53:21.918 INFO [main] org.apache.coyote.AbstractProtocol.init Initializing ProtocolHandler ["http-nio-9090"]
26-May-2019 07:53:21.970 INFO [main] org.apache.coyote.AbstractProtocol.init Initializing ProtocolHandler ["ajp-nio-8009"]
26-May-2019 07:53:21.974 INFO [main] org.apache.catalina.startup.Catalina.load Server initialization in [1,042] milliseconds
26-May-2019 07:53:22.094 INFO [main] org.apache.catalina.core.StandardService.startInternal Starting service [Catalina]
26-May-2019 07:53:22.095 INFO [main] org.apache.catalina.core.StandardEngine.startInternal Starting Servlet engine: [Apache Tomcat/9.0.20]
26-May-2019 07:53:22.110 INFO [main] org.apache.catalina.startup.HostConfig.deployDirectory Deploying web application directory [/home/madhav/.local/tomcat/apache-tomcat9/webapps/host-manager]
26-May-2019 07:53:22.695 INFO [main] org.apache.catalina.startup.HostConfig.deployDirectory Deployment of web application directory [/home/madhav/.local/tomcat/apache-tomcat9/webapps/host-manager] has finished in [585] ms
26-May-2019 07:53:22.695 INFO [main] org.apache.catalina.startup.HostConfig.deployDirectory Deploying web application directory [/home/madhav/.local/tomcat/apache-tomcat9/webapps/manager]
26-May-2019 07:53:22.787 INFO [main] org.apache.catalina.startup.HostConfig.deployDirectory Deployment of web application directory [/home/madhav/.local/tomcat/apache-tomcat9/webapps/manager] has finished in [92] ms
26-May-2019 07:53:22.788 INFO [main] org.apache.catalina.startup.HostConfig.deployDirectory Deploying web application directory [/home/madhav/.local/tomcat/apache-tomcat9/webapps/docs]
26-May-2019 07:53:22.833 INFO [main] org.apache.catalina.startup.HostConfig.deployDirectory Deployment of web application directory [/home/madhav/.local/tomcat/apache-tomcat9/webapps/docs] has finished in [46] ms
26-May-2019 07:53:22.834 INFO [main] org.apache.catalina.startup.HostConfig.deployDirectory Deploying web application directory [/home/madhav/.local/tomcat/apache-tomcat9/webapps/examples]
26-May-2019 07:53:23.386 INFO [main] org.apache.catalina.startup.HostConfig.deployDirectory Deployment of web application directory [/home/madhav/.local/tomcat/apache-tomcat9/webapps/examples] has finished in [552] ms
26-May-2019 07:53:23.387 INFO [main] org.apache.catalina.startup.HostConfig.deployDirectory Deploying web application directory [/home/madhav/.local/tomcat/apache-tomcat9/webapps/swastik]
26-May-2019 07:53:23.444 INFO [main] org.apache.catalina.startup.HostConfig.deployDirectory Deployment of web application directory [/home/madhav/.local/tomcat/apache-tomcat9/webapps/swastik] has finished in [57] ms
26-May-2019 07:53:23.445 INFO [main] org.apache.catalina.startup.HostConfig.deployDirectory Deploying web application directory [/home/madhav/.local/tomcat/apache-tomcat9/webapps/ROOT]
26-May-2019 07:53:23.473 INFO [main] org.apache.catalina.startup.HostConfig.deployDirectory Deployment of web application directory [/home/madhav/.local/tomcat/apache-tomcat9/webapps/ROOT] has finished in [29] ms
26-May-2019 07:53:23.480 INFO [main] org.apache.coyote.AbstractProtocol.start Starting ProtocolHandler ["http-nio-9090"]
26-May-2019 07:53:23.494 INFO [main] org.apache.coyote.AbstractProtocol.start Starting ProtocolHandler ["ajp-nio-8009"]
26-May-2019 07:53:23.499 INFO [main] org.apache.catalina.startup.Catalina.start Server startup in [1,524] milliseconds
