21-May-2019 07:12:22.623 INFO [main] org.apache.catalina.core.ApplicationContext.log ContextListener: contextInitialized()
21-May-2019 07:12:22.624 INFO [main] org.apache.catalina.core.ApplicationContext.log SessionListener: contextInitialized()
21-May-2019 07:12:22.630 INFO [main] org.apache.catalina.core.ApplicationContext.log ContextListener: attributeAdded('StockTicker', 'async.Stockticker@72445aba')
21-May-2019 07:30:37.764 INFO [main] org.apache.catalina.core.ApplicationContext.log SessionListener: contextDestroyed()
21-May-2019 07:30:37.764 INFO [main] org.apache.catalina.core.ApplicationContext.log ContextListener: contextDestroyed()
21-May-2019 07:30:45.572 INFO [main] org.apache.catalina.core.ApplicationContext.log ContextListener: contextInitialized()
21-May-2019 07:30:45.574 INFO [main] org.apache.catalina.core.ApplicationContext.log SessionListener: contextInitialized()
21-May-2019 07:30:45.575 INFO [main] org.apache.catalina.core.ApplicationContext.log ContextListener: attributeAdded('StockTicker', 'async.Stockticker@7829b776')
21-May-2019 07:33:14.725 INFO [main] org.apache.catalina.core.ApplicationContext.log SessionListener: contextDestroyed()
21-May-2019 07:33:14.725 INFO [main] org.apache.catalina.core.ApplicationContext.log ContextListener: contextDestroyed()
21-May-2019 07:33:18.378 INFO [main] org.apache.catalina.core.ApplicationContext.log ContextListener: contextInitialized()
21-May-2019 07:33:18.378 INFO [main] org.apache.catalina.core.ApplicationContext.log SessionListener: contextInitialized()
21-May-2019 07:33:18.381 INFO [main] org.apache.catalina.core.ApplicationContext.log ContextListener: attributeAdded('StockTicker', 'async.Stockticker@7829b776')
21-May-2019 07:33:32.831 INFO [main] org.apache.catalina.core.ApplicationContext.log SessionListener: contextDestroyed()
21-May-2019 07:33:32.831 INFO [main] org.apache.catalina.core.ApplicationContext.log ContextListener: contextDestroyed()
21-May-2019 07:33:36.115 INFO [main] org.apache.catalina.core.ApplicationContext.log ContextListener: contextInitialized()
21-May-2019 07:33:36.115 INFO [main] org.apache.catalina.core.ApplicationContext.log SessionListener: contextInitialized()
21-May-2019 07:33:36.118 INFO [main] org.apache.catalina.core.ApplicationContext.log ContextListener: attributeAdded('StockTicker', 'async.Stockticker@61bcd567')
21-May-2019 07:34:48.497 INFO [main] org.apache.catalina.core.ApplicationContext.log SessionListener: contextDestroyed()
21-May-2019 07:34:48.497 INFO [main] org.apache.catalina.core.ApplicationContext.log ContextListener: contextDestroyed()
21-May-2019 07:34:52.034 INFO [main] org.apache.catalina.core.ApplicationContext.log ContextListener: contextInitialized()
21-May-2019 07:34:52.035 INFO [main] org.apache.catalina.core.ApplicationContext.log SessionListener: contextInitialized()
21-May-2019 07:34:52.037 INFO [main] org.apache.catalina.core.ApplicationContext.log ContextListener: attributeAdded('StockTicker', 'async.Stockticker@72445aba')
21-May-2019 07:36:06.058 INFO [main] org.apache.catalina.core.ApplicationContext.log SessionListener: contextDestroyed()
21-May-2019 07:36:06.058 INFO [main] org.apache.catalina.core.ApplicationContext.log ContextListener: contextDestroyed()
21-May-2019 07:36:10.130 INFO [main] org.apache.catalina.core.ApplicationContext.log ContextListener: contextInitialized()
21-May-2019 07:36:10.130 INFO [main] org.apache.catalina.core.ApplicationContext.log SessionListener: contextInitialized()
21-May-2019 07:36:10.133 INFO [main] org.apache.catalina.core.ApplicationContext.log ContextListener: attributeAdded('StockTicker', 'async.Stockticker@61bcd567')
21-May-2019 07:36:31.123 INFO [main] org.apache.catalina.core.ApplicationContext.log SessionListener: contextDestroyed()
21-May-2019 07:36:31.123 INFO [main] org.apache.catalina.core.ApplicationContext.log ContextListener: contextDestroyed()
21-May-2019 07:36:34.250 INFO [main] org.apache.catalina.core.ApplicationContext.log ContextListener: contextInitialized()
21-May-2019 07:36:34.250 INFO [main] org.apache.catalina.core.ApplicationContext.log SessionListener: contextInitialized()
21-May-2019 07:36:34.252 INFO [main] org.apache.catalina.core.ApplicationContext.log ContextListener: attributeAdded('StockTicker', 'async.Stockticker@72445aba')
21-May-2019 07:48:38.765 INFO [main] org.apache.catalina.core.ApplicationContext.log SessionListener: contextDestroyed()
21-May-2019 07:48:38.765 INFO [main] org.apache.catalina.core.ApplicationContext.log ContextListener: contextDestroyed()
21-May-2019 07:48:42.068 INFO [main] org.apache.catalina.core.ApplicationContext.log ContextListener: contextInitialized()
21-May-2019 07:48:42.073 INFO [main] org.apache.catalina.core.ApplicationContext.log SessionListener: contextInitialized()
21-May-2019 07:48:42.076 INFO [main] org.apache.catalina.core.ApplicationContext.log ContextListener: attributeAdded('StockTicker', 'async.Stockticker@72445aba')
21-May-2019 07:49:19.139 INFO [main] org.apache.catalina.core.ApplicationContext.log SessionListener: contextDestroyed()
21-May-2019 07:49:19.139 INFO [main] org.apache.catalina.core.ApplicationContext.log ContextListener: contextDestroyed()
21-May-2019 07:49:21.988 INFO [main] org.apache.catalina.core.ApplicationContext.log ContextListener: contextInitialized()
21-May-2019 07:49:21.989 INFO [main] org.apache.catalina.core.ApplicationContext.log SessionListener: contextInitialized()
21-May-2019 07:49:21.991 INFO [main] org.apache.catalina.core.ApplicationContext.log ContextListener: attributeAdded('StockTicker', 'async.Stockticker@5ddabb18')
21-May-2019 08:13:46.589 INFO [main] org.apache.catalina.core.ApplicationContext.log SessionListener: contextDestroyed()
21-May-2019 08:13:46.589 INFO [main] org.apache.catalina.core.ApplicationContext.log ContextListener: contextDestroyed()
21-May-2019 08:13:49.265 INFO [main] org.apache.catalina.core.ApplicationContext.log ContextListener: contextInitialized()
21-May-2019 08:13:49.265 INFO [main] org.apache.catalina.core.ApplicationContext.log SessionListener: contextInitialized()
21-May-2019 08:13:49.267 INFO [main] org.apache.catalina.core.ApplicationContext.log ContextListener: attributeAdded('StockTicker', 'async.Stockticker@458342d3')
21-May-2019 08:16:27.869 INFO [main] org.apache.catalina.core.ApplicationContext.log SessionListener: contextDestroyed()
21-May-2019 08:16:27.869 INFO [main] org.apache.catalina.core.ApplicationContext.log ContextListener: contextDestroyed()
21-May-2019 08:16:31.102 INFO [main] org.apache.catalina.core.ApplicationContext.log ContextListener: contextInitialized()
21-May-2019 08:16:31.104 INFO [main] org.apache.catalina.core.ApplicationContext.log SessionListener: contextInitialized()
21-May-2019 08:16:31.106 INFO [main] org.apache.catalina.core.ApplicationContext.log ContextListener: attributeAdded('StockTicker', 'async.Stockticker@5b64c4b7')
21-May-2019 08:17:19.361 INFO [main] org.apache.catalina.core.ApplicationContext.log SessionListener: contextDestroyed()
21-May-2019 08:17:19.361 INFO [main] org.apache.catalina.core.ApplicationContext.log ContextListener: contextDestroyed()
21-May-2019 08:17:22.875 INFO [main] org.apache.catalina.core.ApplicationContext.log ContextListener: contextInitialized()
21-May-2019 08:17:22.875 INFO [main] org.apache.catalina.core.ApplicationContext.log SessionListener: contextInitialized()
21-May-2019 08:17:22.877 INFO [main] org.apache.catalina.core.ApplicationContext.log ContextListener: attributeAdded('StockTicker', 'async.Stockticker@4763c727')
21-May-2019 08:17:42.977 INFO [main] org.apache.catalina.core.ApplicationContext.log SessionListener: contextDestroyed()
21-May-2019 08:17:42.978 INFO [main] org.apache.catalina.core.ApplicationContext.log ContextListener: contextDestroyed()
21-May-2019 08:17:51.360 INFO [main] org.apache.catalina.core.ApplicationContext.log ContextListener: contextInitialized()
21-May-2019 08:17:51.361 INFO [main] org.apache.catalina.core.ApplicationContext.log SessionListener: contextInitialized()
21-May-2019 08:17:51.364 INFO [main] org.apache.catalina.core.ApplicationContext.log ContextListener: attributeAdded('StockTicker', 'async.Stockticker@72445aba')
21-May-2019 08:18:07.795 INFO [main] org.apache.catalina.core.ApplicationContext.log SessionListener: contextDestroyed()
21-May-2019 08:18:07.795 INFO [main] org.apache.catalina.core.ApplicationContext.log ContextListener: contextDestroyed()
21-May-2019 08:18:17.369 INFO [main] org.apache.catalina.core.ApplicationContext.log ContextListener: contextInitialized()
21-May-2019 08:18:17.370 INFO [main] org.apache.catalina.core.ApplicationContext.log SessionListener: contextInitialized()
21-May-2019 08:18:17.372 INFO [main] org.apache.catalina.core.ApplicationContext.log ContextListener: attributeAdded('StockTicker', 'async.Stockticker@61bcd567')
21-May-2019 09:06:37.067 INFO [Thread-4] org.apache.catalina.core.ApplicationContext.log SessionListener: contextDestroyed()
21-May-2019 09:06:37.068 INFO [Thread-4] org.apache.catalina.core.ApplicationContext.log ContextListener: contextDestroyed()
